The target system is: Generic - 2.0.0 - arm
The host system is: Linux - 4.19.66-1-MANJARO - x86_64
Compiling the C compiler identification source file "CMakeCCompilerId.c" succeeded.
Compiler: /home/alfredo/Documents/Softwares/Zephyr/SDK/arm-zephyr-eabi/bin/arm-zephyr-eabi-gcc 
Build flags: 
Id flags: -c 

The output was:
0


Compilation of the C compiler identification source "CMakeCCompilerId.c" produced "CMakeCCompilerId.o"

The C compiler identification is GNU, found in "/home/alfredo/Workspace/Elevator-3000/build/CMakeFiles/3.15.2/CompilerIdC/CMakeCCompilerId.o"

Compiling the CXX compiler identification source file "CMakeCXXCompilerId.cpp" succeeded.
Compiler: /home/alfredo/Documents/Softwares/Zephyr/SDK/arm-zephyr-eabi/bin/arm-zephyr-eabi-g++ 
Build flags: 
Id flags: -c 

The output was:
0


Compilation of the CXX compiler identification source "CMakeCXXCompilerId.cpp" produced "CMakeCXXCompilerId.o"

The CXX compiler identification is GNU, found in "/home/alfredo/Workspace/Elevator-3000/build/CMakeFiles/3.15.2/CompilerIdCXX/CMakeCXXCompilerId.o"

Checking whether the ASM compiler is GNU using "--version" matched "(GNU assembler)|(GCC)|(Free Software Foundation)":
arm-zephyr-eabi-gcc (crosstool-NG 1.24.0-rc2-dirty) 8.3.0
Copyright (C) 2018 Free Software Foundation, Inc.
This is free software; see the source for copying conditions.  There is NO
warranty; not even for MERCHANTABILITY or FITNESS FOR A PARTICULAR PURPOSE.

Performing C SOURCE FILE Test toolchain_is_ok succeeded with the following output:
Change Dir: /home/alfredo/Workspace/Elevator-3000/build/CMakeFiles/CMakeTmp

Run Build Command(s):/usr/bin/ninja cmTC_3ba42 && [1/2] Building C object CMakeFiles/cmTC_3ba42.dir/src.c.obj
[2/2] Linking C executable cmTC_3ba42
/home/alfredo/Documents/Softwares/Zephyr/SDK/arm-zephyr-eabi/bin/../lib/gcc/arm-zephyr-eabi/8.3.0/../../../../arm-zephyr-eabi/bin/ld: warning: cannot find entry symbol _start; defaulting to 0000000000008000


Source file was:
int main(void) { return 0; }
Performing C SOURCE FILE Test check_fmacro_prefix_map__home_alfredo_Workspace_Elevator_3000_CMAKE_SOURCE_DIR_C__nostartfiles__nostdlib__isystem___home_alfredo_Documents_Softwares_Zephyr_SDK_arm_zephyr_eabi_bin____lib_gcc_arm_zephyr_eabi_8_3_0_include___isystem___home_alfredo_Documents_Softwares_Zephyr_SDK_arm_zephyr_eabi_bin____lib_gcc_arm_zephyr_eabi_8_3_0_include_fixed___Wl___unresolved_symbols_ignore_in_object_files succeeded with the following output:
Change Dir: /home/alfredo/Workspace/Elevator-3000/build/CMakeFiles/CMakeTmp

Run Build Command(s):/usr/bin/ninja cmTC_0d2ef && [1/2] Building C object CMakeFiles/cmTC_0d2ef.dir/src.c.obj
[2/2] Linking C executable cmTC_0d2ef
/home/alfredo/Documents/Softwares/Zephyr/SDK/arm-zephyr-eabi/bin/../lib/gcc/arm-zephyr-eabi/8.3.0/../../../../arm-zephyr-eabi/bin/ld: warning: cannot find entry symbol _start; defaulting to 0000000000008000


Source file was:
int main(void) { return 0; }
