The target system is: Generic - 1.14.99 - arm
The host system is: Linux - 4.15.0-55-generic - x86_64
Compiling the C compiler identification source file "CMakeCCompilerId.c" succeeded.
Compiler: /home/ricardofragoso/zephyr-sdk-0.10.0/arm-zephyr-eabi/bin/arm-zephyr-eabi-gcc 
Build flags: 
Id flags: -c 

The output was:
0


Compilation of the C compiler identification source "CMakeCCompilerId.c" produced "CMakeCCompilerId.o"

The C compiler identification is GNU, found in "/home/ricardofragoso/RicarZephyr/zephyrproject/zephyr/Elevator-3000-master/build/CMakeFiles/3.13.1/CompilerIdC/CMakeCCompilerId.o"

Compiling the CXX compiler identification source file "CMakeCXXCompilerId.cpp" succeeded.
Compiler: /home/ricardofragoso/zephyr-sdk-0.10.0/arm-zephyr-eabi/bin/arm-zephyr-eabi-g++ 
Build flags: 
Id flags: -c 

The output was:
0


Compilation of the CXX compiler identification source "CMakeCXXCompilerId.cpp" produced "CMakeCXXCompilerId.o"

The CXX compiler identification is GNU, found in "/home/ricardofragoso/RicarZephyr/zephyrproject/zephyr/Elevator-3000-master/build/CMakeFiles/3.13.1/CompilerIdCXX/CMakeCXXCompilerId.o"

Checking whether the ASM compiler is GNU using "--version" matched "(GNU assembler)|(GCC)|(Free Software Foundation)":
arm-zephyr-eabi-gcc (crosstool-NG 1.24.0-rc2-dirty) 8.3.0
Copyright (C) 2018 Free Software Foundation, Inc.
This is free software; see the source for copying conditions.  There is NO
warranty; not even for MERCHANTABILITY or FITNESS FOR A PARTICULAR PURPOSE.

Performing C SOURCE FILE Test toolchain_is_ok succeeded with the following output:
Change Dir: /home/ricardofragoso/RicarZephyr/zephyrproject/zephyr/Elevator-3000-master/build/CMakeFiles/CMakeTmp

Run Build Command:"/usr/bin/ninja" "cmTC_c1ea3"
[1/2] Building C object CMakeFiles/cmTC_c1ea3.dir/src.c.obj
[2/2] Linking C executable cmTC_c1ea3
/home/ricardofragoso/zephyr-sdk-0.10.0/arm-zephyr-eabi/bin/../lib/gcc/arm-zephyr-eabi/8.3.0/../../../../arm-zephyr-eabi/bin/ld: warning: cannot find entry symbol _start; defaulting to 0000000000008000

Source file was:
int main(void) { return 0; }
